
==== Found a thread safety violation! ====
Sequential prefix:
final org.jfree.data.XYSeries var0 = new org.jfree.data.XYSeries((java.lang.String) "%@vW", (boolean) false);
final java.lang.String var1 = var0.getDescription();
var0.removePropertyChangeListener((java.beans.PropertyChangeListener) null);
var0.removeChangeListener((org.jfree.data.SeriesChangeListener) null);
var0.setDescription((java.lang.String) "v");
var0.add((double) -100.0d, (java.lang.Number) null);

Concurrent suffixes:

var0.add((double) 0.0d, (double) 100.0d);
final java.lang.Object var2 = var0.clone();

vs.

var0.add((double) 0.0d, (double) 100.0d);
final java.lang.Object var2 = var0.clone();

Exception Found : java.lang.NullPointerException
	at org.jfree.data.XYSeries.createCopy(Unknown Source)
	at org.jfree.data.XYSeries.clone(Unknown Source)
	at sun.reflect.GeneratedMethodAccessor22.invoke(Unknown Source)
	at sun.reflect.DelegatingMethodAccessorImpl.invoke(DelegatingMethodAccessorImpl.java:43)
	at java.lang.reflect.Method.invoke(Method.java:498)
	at contege.MethodAtom$$anonfun$1.apply(Atom.scala:58)
	at contege.MethodAtom$$anonfun$1.apply(Atom.scala:54)
	at contege.seqexec.reflective.TimedExecutionThread.run(TimedExecutionThread.scala:18)

null
Exception Found : java.lang.NullPointerException
	at org.jfree.data.XYSeries.createCopy(Unknown Source)
	at org.jfree.data.XYSeries.clone(Unknown Source)
	at sun.reflect.GeneratedMethodAccessor22.invoke(Unknown Source)
	at sun.reflect.DelegatingMethodAccessorImpl.invoke(DelegatingMethodAccessorImpl.java:43)
	at java.lang.reflect.Method.invoke(Method.java:498)
	at contege.MethodAtom$$anonfun$1.apply(Atom.scala:58)
	at contege.MethodAtom$$anonfun$1.apply(Atom.scala:54)
	at contege.seqexec.reflective.TimedExecutionThread.run(TimedExecutionThread.scala:18)

null
Time (seconds): 46
